
3/14/2017, 4:11:58 PM

Operating System
  Name                        = Mac OS X
  Version                     = 10.12.3
  Architecture                = 64bit
  # CPUs                      = 8
  Memory                      = 17179869184

Node.js
  Node.js Version             = 4.6.0
  npm Version                 = 2.15.9

Titanium CLI
  CLI Version                 = 5.0.11

Titanium SDK
  SDK Version                 = 6.0.1.GA
  SDK Path                    = /Users/stefanforsberg/Library/Application Support/Titanium/mobilesdk/osx/6.0.1.GA
  Target Platform             = iphone

Command
  /usr/local/bin/node /Users/stefanforsberg/.appcelerator/install/6.1.0/package/node_modules/titanium/lib/titanium.js build run --platform ios --log-level trace --sdk 6.0.1.GA --project-dir /Users/stefanforsberg/Documents/Appcelerator_Studio_Workspace/Test --target simulator --ios-version 10.2 --device-family universal --sim-type ipad --sim-version 10.2 --device-id 70849682-AE21-4074-A828-0CDDF0EA6C46 --skip-js-minify --liveview --deploy-type development --no-colors --no-progress-bars --no-prompt --prompt-type socket-bundle --prompt-port 50122 --config-file /var/folders/nz/l632ctnx5zj0gxk5kht9gl280000gn/T/build-1489522316720.json --no-banner --project-dir /Users/stefanforsberg/Documents/Appcelerator_Studio_Workspace/Test

[TRACE]  [ioslib] Validating iOS Simulator UDID 70849682-AE21-4074-A828-0CDDF0EA6C46
[TRACE]  [ioslib] Found iOS Simulator UDID 70849682-AE21-4074-A828-0CDDF0EA6C46
[TRACE]  [ioslib] Selected iOS Simulator: iPad Pro (9.7 inch)
[TRACE]  [ioslib]   UDID    = 70849682-AE21-4074-A828-0CDDF0EA6C46
[TRACE]  [ioslib]   iOS     = 10.2
[TRACE]  [ioslib] Autoselected Xcode: 8.2.1
[DEBUG]  Detecting modules in /Users/stefanforsberg/Library/Application Support/Titanium/modules
[DEBUG]  Detected android module: facebook 6.0.1 @ /Users/stefanforsberg/Library/Application Support/Titanium/modules/android/facebook/6.0.1
[DEBUG]  Detected android module: hyperloop 1.2.8 @ /Users/stefanforsberg/Library/Application Support/Titanium/modules/android/hyperloop/1.2.8
[DEBUG]  Detected android module: hyperloop 2.0.0 @ /Users/stefanforsberg/Library/Application Support/Titanium/modules/android/hyperloop/2.0.0
[DEBUG]  Detected android module: ti.cloudpush 4.0.3 @ /Users/stefanforsberg/Library/Application Support/Titanium/modules/android/ti.cloudpush/4.0.3
[DEBUG]  Detected android module: ti.map 3.0.1 @ /Users/stefanforsberg/Library/Application Support/Titanium/modules/android/ti.map/3.0.1
[DEBUG]  Detected android module: ti.touchid 2.0.1 @ /Users/stefanforsberg/Library/Application Support/Titanium/modules/android/ti.touchid/2.0.1
[DEBUG]  Detected commonjs module: ti.cloud 3.2.11 @ /Users/stefanforsberg/Library/Application Support/Titanium/modules/commonjs/ti.cloud/3.2.11
[DEBUG]  Detected iphone module: com.appcelerator.urlSession 2.0.0 @ /Users/stefanforsberg/Library/Application Support/Titanium/modules/iphone/com.appcelerator.urlSession/2.0.0
[DEBUG]  Detected iphone module: facebook 5.2.9 @ /Users/stefanforsberg/Library/Application Support/Titanium/modules/iphone/facebook/5.2.9
[DEBUG]  Detected iphone module: hyperloop 1.2.8 @ /Users/stefanforsberg/Library/Application Support/Titanium/modules/iphone/hyperloop/1.2.8
[DEBUG]  Detected iphone module: hyperloop 2.0.0 @ /Users/stefanforsberg/Library/Application Support/Titanium/modules/iphone/hyperloop/2.0.0
[DEBUG]  Detected iphone module: ti.coremotion 2.0.0 @ /Users/stefanforsberg/Library/Application Support/Titanium/modules/iphone/ti.coremotion/2.0.0
[DEBUG]  Detected iphone module: ti.map 2.8.0 @ /Users/stefanforsberg/Library/Application Support/Titanium/modules/iphone/ti.map/2.8.0
[DEBUG]  Detected iphone module: ti.safaridialog 1.1.1 @ /Users/stefanforsberg/Library/Application Support/Titanium/modules/iphone/ti.safaridialog/1.1.1
[DEBUG]  Detected iphone module: ti.touchid 1.2.2 @ /Users/stefanforsberg/Library/Application Support/Titanium/modules/iphone/ti.touchid/1.2.2
[DEBUG]  Looking for Titanium module id=ti.cloud version=latest platform=commonjs deploy-type=development
[INFO]   Found Titanium module id=ti.cloud version=3.2.11 platform=commonjs deploy-type=development path=/Users/stefanforsberg/Library/Application Support/Titanium/modules/commonjs/ti.cloud/3.2.11
[DEBUG]  Looking for Titanium module id=com.appcelerator.urlSession version=latest platform=iphone deploy-type=development
[INFO]   Found Titanium module id=com.appcelerator.urlSession version=2.0.0 platform=iphone deploy-type=development path=/Users/stefanforsberg/Library/Application Support/Titanium/modules/iphone/com.appcelerator.urlSession/2.0.0
[DEBUG]  Looking for Titanium module id=facebook version=latest platform=iphone deploy-type=development
[INFO]   Found Titanium module id=facebook version=5.2.9 platform=iphone deploy-type=development path=/Users/stefanforsberg/Library/Application Support/Titanium/modules/iphone/facebook/5.2.9
[DEBUG]  Detecting plugins in /Users/stefanforsberg/Documents/Appcelerator_Studio_Workspace/Test/plugins
[DEBUG]  Detected plugin: ti.alloy @ /Users/stefanforsberg/Documents/Appcelerator_Studio_Workspace/Test/plugins/ti.alloy
[DEBUG]  Detecting plugins in /Users/stefanforsberg/Library/Application Support/Titanium/plugins
[DEBUG]  Detected plugin: hyperloop 1.2.8 @ /Users/stefanforsberg/Library/Application Support/Titanium/plugins/hyperloop/1.2.8
[DEBUG]  Detected plugin: hyperloop 2.0.0 @ /Users/stefanforsberg/Library/Application Support/Titanium/plugins/hyperloop/2.0.0
[DEBUG]  Looking for Titanium plugin id=ti.alloy version=1.0
[INFO]   Found Titanium plugin id=ti.alloy version=1.0 
[TRACE]  Snapshotting build directory
[DEBUG]  Checking if log server port 56640 is available
[DEBUG]  Log server port 56640 is in use, testing if it's the app we're building
[DEBUG]  The log server port is being used by the app being built, continuing
[DEBUG]  Titanium SDK iOS directory: /Users/stefanforsberg/Library/Application Support/Titanium/mobilesdk/osx/6.0.1.GA/iphone
[INFO]   Deploy type: development
[INFO]   Building for target: simulator
[INFO]   Building using iOS SDK: 10.2
[INFO]   Building for iOS Simulator: iPad Pro (9.7 inch)
[DEBUG]  UDID: 70849682-AE21-4074-A828-0CDDF0EA6C46
[DEBUG]  Simulator type: ipad
[DEBUG]  Simulator version: 10.2
[INFO]   Building for device family: universal
[DEBUG]  Setting Xcode target to Debug
[DEBUG]  Setting Xcode build OS to iphonesimulator
[DEBUG]  Xcode installation: /Applications/Xcode.app/Contents/Developer
[DEBUG]  iOS WWDR certificate: installed
[INFO]   Minimum iOS version: 8.0
[INFO]   Logging enabled on port 56640
[INFO]   Debugging disabled
[INFO]   Profiler disabled
[INFO]   Set to copy files instead of symlinking
[INFO]   Initializing the build directory
[INFO]   Found Alloy app in /Users/stefanforsberg/Documents/Appcelerator_Studio_Workspace/Test/app
[INFO]   Executing Alloy compile: /usr/local/bin/node /Users/stefanforsberg/.appcelerator/install/6.1.0/package/node_modules/alloy/bin/alloy compile /Users/stefanforsberg/Documents/Appcelerator_Studio_Workspace/Test/app --config platform=ios,version=0,simtype=none,devicefamily=universal,deploytype=development,target=simulator --no-colors
[DEBUG]         .__  .__                
[DEBUG]  _____  |  | |  |   ____ ___.__.
[DEBUG]  \__  \ |  | |  |  /  _ <   |  |
[DEBUG]   / __ \|  |_|  |_(  <_> )___  |
[DEBUG]  (____  /____/____/\____// ____|
[DEBUG]       \/                 \/
[DEBUG]  Alloy 1.9.5 by Appcelerator. The MVC app framework for Titanium.
[DEBUG]  ----- CONFIGURATION -----
[DEBUG]  raw config = "platform=ios,version=0,simtype=none,devicefamily=universal,deploytype=development,target=simulator"
[DEBUG]  platform = ios
[DEBUG]  version = 0
[DEBUG]  simtype = none
[DEBUG]  devicefamily = universal
[DEBUG]  deploytype = development
[DEBUG]  target = simulator
[DEBUG]  project path = /Users/stefanforsberg/Documents/Appcelerator_Studio_Workspace/Test
[DEBUG]  app path = /Users/stefanforsberg/Documents/Appcelerator_Studio_Workspace/Test/app
[DEBUG]  
[DEBUG]  ----- CONFIG.JSON -----
[DEBUG]  dependencies = {}
[INFO]   [config.json] config.json unchanged, using cached config.json...
[DEBUG]  {
[DEBUG]  "dependencies": {},
[DEBUG]  "sourcemap": true,
[DEBUG]  "autoStyle": false,
[DEBUG]  "adapters": [
[DEBUG]  "localStorage",
[DEBUG]  "properties",
[DEBUG]  "sql"
[DEBUG]  ]
[DEBUG]  }
[DEBUG]  
[DEBUG]  ----- CLEANING RESOURCES -----
[DEBUG]  Removing orphaned controllers ...
[DEBUG]  Removing orphaned models ...
[DEBUG]  Removing orphaned styles ...
[DEBUG]  Removing orphaned sync adapters...
[DEBUG]  Removing orphaned assets and libs...
[DEBUG]  
[DEBUG]  ----- BASE RUNTIME FILES -----
[TRACE]  SRC_DIR=/Users/stefanforsberg/.appcelerator/install/6.1.0/package/node_modules/alloy/Alloy/lib
[TRACE]  Copying SRC_DIR/alloy/sync/sql.js --> Resources/iphone/alloy/sync/sql.js
[TRACE]  Copying SRC_DIR/alloy/sync/properties.js --> Resources/iphone/alloy/sync/properties.js
[TRACE]  Copying SRC_DIR/alloy/sync/localStorage.js --> Resources/iphone/alloy/sync/localStorage.js
[TRACE]  Copying SRC_DIR/alloy/controllers/BaseController.js --> Resources/iphone/alloy/controllers/BaseController.js
[TRACE]  Copying SRC_DIR/alloy/widget.js --> Resources/iphone/alloy/widget.js
[TRACE]  Copying SRC_DIR/alloy/underscore.js --> Resources/iphone/alloy/underscore.js
[TRACE]  
[TRACE]  Generating ../../../../../../Users/stefanforsberg/Documents/Appcelerator_Studio_Workspace/Test/Resources/iphone/alloy.js
[TRACE]  SRC_DIR=/Users/stefanforsberg/.appcelerator/install/6.1.0/package/node_modules/alloy/Alloy/common
[TRACE]  Copying SRC_DIR/constants.js --> Resources/iphone/alloy/constants.js
[TRACE]  
[TRACE]  SRC_DIR=/Users/stefanforsberg/Documents/Appcelerator_Studio_Workspace/Test/app/assets
[TRACE]  
[DEBUG]  Resetting /Users/stefanforsberg/Documents/Appcelerator_Studio_Workspace/Test/platform/ios
[DEBUG]  
[DEBUG]  Resetting /Users/stefanforsberg/Documents/Appcelerator_Studio_Workspace/Test/i18n
[DEBUG]  
[INFO]   ----- MVC GENERATION -----
[INFO]   [global style] loading from cache...
[INFO]   [add-contacts.xml] view processing...
[INFO]   style:      "add-contacts.tss"
[INFO]   view:       "add-contacts.xml"
[TRACE]  - Processing "builtins" module...
[TRACE]  - Processing "optimizer" module...
[TRACE]  - Processing "compress" module...
[INFO]   created:    "Resources/iphone/alloy/controllers/add-contacts.js"
[DEBUG]  map:        "build/map/Resources/iphone/alloy/controllers/add-contacts.js.map"
[INFO]   created:     "Resources/iphone/alloy/styles/add-contacts.js"
[INFO]   [confirm-contacts.xml] view processing...
[INFO]   style:      "confirm-contacts.tss"
[INFO]   view:       "confirm-contacts.xml"
[TRACE]  - Processing "builtins" module...
[TRACE]  - Processing "optimizer" module...
[TRACE]  - Processing "compress" module...
[INFO]   created:    "Resources/iphone/alloy/controllers/confirm-contacts.js"
[DEBUG]  map:        "build/map/Resources/iphone/alloy/controllers/confirm-contacts.js.map"
[INFO]   created:     "Resources/iphone/alloy/styles/confirm-contacts.js"
[INFO]   [contacts-number.xml] view processing...
[INFO]   style:      "contacts-number.tss"
[INFO]   view:       "contacts-number.xml"
[TRACE]  - Processing "builtins" module...
[TRACE]  - Processing "optimizer" module...
[TRACE]  - Processing "compress" module...
[INFO]   created:    "Resources/iphone/alloy/controllers/contacts-number.js"
[DEBUG]  map:        "build/map/Resources/iphone/alloy/controllers/contacts-number.js.map"
[INFO]   created:     "Resources/iphone/alloy/styles/contacts-number.js"
[INFO]   [create-goal.xml] view processing...
[INFO]   style:      "create-goal.tss"
[INFO]   view:       "create-goal.xml"
[TRACE]  - Processing "builtins" module...
[TRACE]  - Processing "optimizer" module...
[TRACE]  - Processing "compress" module...
[INFO]   created:    "Resources/iphone/alloy/controllers/create-goal.js"
[DEBUG]  map:        "build/map/Resources/iphone/alloy/controllers/create-goal.js.map"
[INFO]   created:     "Resources/iphone/alloy/styles/create-goal.js"
[INFO]   [create-tasks.xml] view processing...
[INFO]   style:      "create-tasks.tss"
[INFO]   view:       "create-tasks.xml"
[TRACE]  - Processing "builtins" module...
[TRACE]  - Processing "optimizer" module...
[TRACE]  - Processing "compress" module...
[INFO]   created:    "Resources/iphone/alloy/controllers/create-tasks.js"
[DEBUG]  map:        "build/map/Resources/iphone/alloy/controllers/create-tasks.js.map"
[INFO]   created:     "Resources/iphone/alloy/styles/create-tasks.js"
[INFO]   [dashboard.xml] view processing...
[INFO]   view:       "dashboard.xml"
[INFO]   controller: "dashboard.js"
[TRACE]  - Processing "builtins" module...
[TRACE]  - Processing "optimizer" module...
[TRACE]  - Processing "compress" module...
[INFO]   created:    "Resources/iphone/alloy/controllers/dashboard.js"
[DEBUG]  map:        "build/map/Resources/iphone/alloy/controllers/dashboard.js.map"
[INFO]   created:     "Resources/iphone/alloy/styles/dashboard.js"
[INFO]   [deadline.xml] view processing...
[INFO]   style:      "deadline.tss"
[INFO]   view:       "deadline.xml"
[TRACE]  - Processing "builtins" module...
[TRACE]  - Processing "optimizer" module...
[TRACE]  - Processing "compress" module...
[INFO]   created:    "Resources/iphone/alloy/controllers/deadline.js"
[DEBUG]  map:        "build/map/Resources/iphone/alloy/controllers/deadline.js.map"
[INFO]   created:     "Resources/iphone/alloy/styles/deadline.js"
[INFO]   [edit-goal.xml] view processing...
[INFO]   style:      "edit-goal.tss"
[INFO]   view:       "edit-goal.xml"
[TRACE]  - Processing "builtins" module...
[TRACE]  - Processing "optimizer" module...
[TRACE]  - Processing "compress" module...
[INFO]   created:    "Resources/iphone/alloy/controllers/edit-goal.js"
[DEBUG]  map:        "build/map/Resources/iphone/alloy/controllers/edit-goal.js.map"
[INFO]   created:     "Resources/iphone/alloy/styles/edit-goal.js"
[INFO]   [edit-task.xml] view processing...
[INFO]   view:       "edit-task.xml"
[TRACE]  - Processing "builtins" module...
[TRACE]  - Processing "optimizer" module...
[TRACE]  - Processing "compress" module...
[INFO]   created:    "Resources/iphone/alloy/controllers/edit-task.js"
[DEBUG]  map:        "build/map/Resources/iphone/alloy/controllers/edit-task.js.map"
[INFO]   created:     "Resources/iphone/alloy/styles/edit-task.js"
[INFO]   [goal-list.xml] view processing...
[INFO]   style:      "goal-list.tss"
[INFO]   view:       "goal-list.xml"
[TRACE]  - Processing "builtins" module...
[TRACE]  - Processing "optimizer" module...
[TRACE]  - Processing "compress" module...
[INFO]   created:    "Resources/iphone/alloy/controllers/goal-list.js"
[DEBUG]  map:        "build/map/Resources/iphone/alloy/controllers/goal-list.js.map"
[INFO]   created:     "Resources/iphone/alloy/styles/goal-list.js"
[INFO]   [hot-list.xml] view processing...
[INFO]   style:      "hot-list.tss"
[INFO]   view:       "hot-list.xml"
[TRACE]  - Processing "builtins" module...
[TRACE]  - Processing "optimizer" module...
[TRACE]  - Processing "compress" module...
[INFO]   created:    "Resources/iphone/alloy/controllers/hot-list.js"
[DEBUG]  map:        "build/map/Resources/iphone/alloy/controllers/hot-list.js.map"
[INFO]   created:     "Resources/iphone/alloy/styles/hot-list.js"
[INFO]   [index.xml] view processing...
[INFO]   style:      "index.tss"
[INFO]   view:       "index.xml"
[INFO]   controller: "index.js"
[TRACE]  - Processing "builtins" module...
[TRACE]  - Processing "optimizer" module...
[TRACE]  - Processing "compress" module...
[INFO]   created:    "Resources/iphone/alloy/controllers/index.js"
[DEBUG]  map:        "build/map/Resources/iphone/alloy/controllers/index.js.map"
[INFO]   created:     "Resources/iphone/alloy/styles/index.js"
[INFO]   [login.xml] view processing...
[INFO]   style:      "login.tss"
[INFO]   view:       "login.xml"
[TRACE]  - Processing "builtins" module...
[TRACE]  - Processing "optimizer" module...
[TRACE]  - Processing "compress" module...
[INFO]   created:    "Resources/iphone/alloy/controllers/login.js"
[DEBUG]  map:        "build/map/Resources/iphone/alloy/controllers/login.js.map"
[INFO]   created:     "Resources/iphone/alloy/styles/login.js"
[INFO]   [newmessage.xml] view processing...
[INFO]   style:      "newmessage.tss"
[INFO]   view:       "newmessage.xml"
[TRACE]  - Processing "builtins" module...
[TRACE]  - Processing "optimizer" module...
[TRACE]  - Processing "compress" module...
[INFO]   created:    "Resources/iphone/alloy/controllers/newmessage.js"
[DEBUG]  map:        "build/map/Resources/iphone/alloy/controllers/newmessage.js.map"
[INFO]   created:     "Resources/iphone/alloy/styles/newmessage.js"
[INFO]   [pd.xml] view processing...
[INFO]   style:      "pd.tss"
[INFO]   view:       "pd.xml"
[TRACE]  - Processing "builtins" module...
[TRACE]  - Processing "optimizer" module...
[TRACE]  - Processing "compress" module...
[INFO]   created:    "Resources/iphone/alloy/controllers/pd.js"
[DEBUG]  map:        "build/map/Resources/iphone/alloy/controllers/pd.js.map"
[INFO]   created:     "Resources/iphone/alloy/styles/pd.js"
[INFO]   [profile.xml] view processing...
[INFO]   style:      "profile.tss"
[INFO]   view:       "profile.xml"
[TRACE]  - Processing "builtins" module...
[TRACE]  - Processing "optimizer" module...
[TRACE]  - Processing "compress" module...
[INFO]   created:    "Resources/iphone/alloy/controllers/profile.js"
[DEBUG]  map:        "build/map/Resources/iphone/alloy/controllers/profile.js.map"
[INFO]   created:     "Resources/iphone/alloy/styles/profile.js"
[INFO]   [project-complete.xml] view processing...
[INFO]   style:      "project-complete.tss"
[INFO]   view:       "project-complete.xml"
[TRACE]  - Processing "builtins" module...
[TRACE]  - Processing "optimizer" module...
[TRACE]  - Processing "compress" module...
[INFO]   created:    "Resources/iphone/alloy/controllers/project-complete.js"
[DEBUG]  map:        "build/map/Resources/iphone/alloy/controllers/project-complete.js.map"
[INFO]   created:     "Resources/iphone/alloy/styles/project-complete.js"
[INFO]   [project-hotlist.xml] view processing...
[INFO]   style:      "project-hotlist.tss"
[INFO]   view:       "project-hotlist.xml"
[TRACE]  - Processing "builtins" module...
[TRACE]  - Processing "optimizer" module...
[TRACE]  - Processing "compress" module...
[INFO]   created:    "Resources/iphone/alloy/controllers/project-hotlist.js"
[DEBUG]  map:        "build/map/Resources/iphone/alloy/controllers/project-hotlist.js.map"
[INFO]   created:     "Resources/iphone/alloy/styles/project-hotlist.js"
[INFO]   [project-name-type.xml] view processing...
[INFO]   style:      "project-name-type.tss"
[INFO]   view:       "project-name-type.xml"
[TRACE]  - Processing "builtins" module...
[TRACE]  - Processing "optimizer" module...
[TRACE]  - Processing "compress" module...
[INFO]   created:    "Resources/iphone/alloy/controllers/project-name-type.js"
[DEBUG]  map:        "build/map/Resources/iphone/alloy/controllers/project-name-type.js.map"
[INFO]   created:     "Resources/iphone/alloy/styles/project-name-type.js"
[INFO]   [projects.xml] view processing...
[INFO]   style:      "projects.tss"
[INFO]   view:       "projects.xml"
[TRACE]  - Processing "builtins" module...
[TRACE]  - Processing "optimizer" module...
[TRACE]  - Processing "compress" module...
[INFO]   created:    "Resources/iphone/alloy/controllers/projects.js"
[DEBUG]  map:        "build/map/Resources/iphone/alloy/controllers/projects.js.map"
[INFO]   created:     "Resources/iphone/alloy/styles/projects.js"
[INFO]   [recent.xml] view processing...
[INFO]   style:      "recent.tss"
[INFO]   view:       "recent.xml"
[TRACE]  - Processing "builtins" module...
[TRACE]  - Processing "optimizer" module...
[TRACE]  - Processing "compress" module...
[INFO]   created:    "Resources/iphone/alloy/controllers/recent.js"
[DEBUG]  map:        "build/map/Resources/iphone/alloy/controllers/recent.js.map"
[INFO]   created:     "Resources/iphone/alloy/styles/recent.js"
[INFO]   [reporting.xml] view processing...
[INFO]   style:      "reporting.tss"
[INFO]   view:       "reporting.xml"
[TRACE]  - Processing "builtins" module...
[TRACE]  - Processing "optimizer" module...
[TRACE]  - Processing "compress" module...
[INFO]   created:    "Resources/iphone/alloy/controllers/reporting.js"
[DEBUG]  map:        "build/map/Resources/iphone/alloy/controllers/reporting.js.map"
[INFO]   created:     "Resources/iphone/alloy/styles/reporting.js"
[INFO]   [scrollView-test.xml] view processing...
[INFO]   style:      "scrollView-test.tss"
[INFO]   view:       "scrollView-test.xml"
[TRACE]  - Processing "builtins" module...
[TRACE]  - Processing "optimizer" module...
[TRACE]  - Processing "compress" module...
[INFO]   created:    "Resources/iphone/alloy/controllers/scrollView-test.js"
[DEBUG]  map:        "build/map/Resources/iphone/alloy/controllers/scrollView-test.js.map"
[INFO]   created:     "Resources/iphone/alloy/styles/scrollView-test.js"
[INFO]   [start.xml] view processing...
[INFO]   style:      "start.tss"
[INFO]   view:       "start.xml"
[TRACE]  - Processing "builtins" module...
[TRACE]  - Processing "optimizer" module...
[TRACE]  - Processing "compress" module...
[INFO]   created:    "Resources/iphone/alloy/controllers/start.js"
[DEBUG]  map:        "build/map/Resources/iphone/alloy/controllers/start.js.map"
[INFO]   created:     "Resources/iphone/alloy/styles/start.js"
[INFO]   [task-list.xml] view processing...
[INFO]   style:      "task-list.tss"
[INFO]   view:       "task-list.xml"
[TRACE]  - Processing "builtins" module...
[TRACE]  - Processing "optimizer" module...
[TRACE]  - Processing "compress" module...
[INFO]   created:    "Resources/iphone/alloy/controllers/task-list.js"
[DEBUG]  map:        "build/map/Resources/iphone/alloy/controllers/task-list.js.map"
[INFO]   created:     "Resources/iphone/alloy/styles/task-list.js"
[INFO]   [thread.xml] view processing...
[INFO]   style:      "thread.tss"
[INFO]   view:       "thread.xml"
[TRACE]  - Processing "builtins" module...
[TRACE]  - Processing "optimizer" module...
[TRACE]  - Processing "compress" module...
[INFO]   created:    "Resources/iphone/alloy/controllers/thread.js"
[DEBUG]  map:        "build/map/Resources/iphone/alloy/controllers/thread.js.map"
[INFO]   created:     "Resources/iphone/alloy/styles/thread.js"
[INFO]   
[INFO]   [app.js] using cached app.js...
[INFO]   
[INFO]   ----- OPTIMIZING -----
[INFO]   - iphone/alloy.js
[TRACE]  processing "builtins" module...
[TRACE]  processing "optimizer" module...
[TRACE]  processing "compress" module...
[INFO]   - iphone/alloy/sync/localStorage.js
[TRACE]  processing "builtins" module...
[TRACE]  processing "optimizer" module...
[TRACE]  processing "compress" module...
[INFO]   - iphone/alloy/sync/properties.js
[TRACE]  processing "builtins" module...
[TRACE]  processing "optimizer" module...
[TRACE]  processing "compress" module...
[INFO]   - iphone/alloy/sync/sql.js
[TRACE]  processing "builtins" module...
[TRACE]  processing "optimizer" module...
[TRACE]  processing "compress" module...
[TRACE]  
[TRACE]  Benchmarking
[TRACE]  ------------
[TRACE]  [1.91085s] TOTAL
[INFO]   
[INFO]   Alloy compiled in 1.91085s
[INFO]   Alloy compiler completed successfully
[TRACE]  offline build file /var/folders/nz/l632ctnx5zj0gxk5kht9gl280000gn/T/build-ffcef45655cbf50b2bcda5602f8721799d3c1678.json
[TRACE]  online 1
[TRACE]  optimizing build, last build was 7854.846 sec ago
[INFO]   Creating Xcode project
[TRACE]  Removing pre-compile phase
[TRACE]  Adding 2 native module libraries
[TRACE]  No extensions to add
[TRACE]  No change, skipping /Users/stefanforsberg/Documents/Appcelerator_Studio_Workspace/Test/build/iphone/Test.xcodeproj/project.pbxproj
[INFO]   Creating Entitlements.plist
[TRACE]  No change, skipping /Users/stefanforsberg/Documents/Appcelerator_Studio_Workspace/Test/build/iphone/Test.entitlements
[INFO]   Creating Info.plist
[DEBUG]  Checking for Splash Screen localization
[INFO]   Disabling ATS
[TRACE]  No change, skipping /Users/stefanforsberg/Documents/Appcelerator_Studio_Workspace/Test/build/iphone/Info.plist
[INFO]   Creating main.m
[TRACE]  No change, skipping /Users/stefanforsberg/Documents/Appcelerator_Studio_Workspace/Test/build/iphone/main.m
[INFO]   Creating Xcode config files
[TRACE]  No change, skipping /Users/stefanforsberg/Documents/Appcelerator_Studio_Workspace/Test/build/iphone/project.xcconfig
[TRACE]  No change, skipping /Users/stefanforsberg/Documents/Appcelerator_Studio_Workspace/Test/build/iphone/module.xcconfig
[INFO]   Copying Titanium libraries
[TRACE]  No change, skipping /Users/stefanforsberg/Documents/Appcelerator_Studio_Workspace/Test/build/iphone/lib/libTiCore.a
[TRACE]  No change, skipping /Users/stefanforsberg/Documents/Appcelerator_Studio_Workspace/Test/build/iphone/lib/libtiverify.a
[TRACE]  No change, skipping /Users/stefanforsberg/Documents/Appcelerator_Studio_Workspace/Test/build/iphone/lib/libti_ios_debugger.a
[TRACE]  No change, skipping /Users/stefanforsberg/Documents/Appcelerator_Studio_Workspace/Test/build/iphone/lib/libti_ios_profiler.a
[INFO]   Copying Titanium iOS files
[TRACE]  Skipping Classes/ApplicationRouting.m, it'll be processed later
[TRACE]  No change, skipping /Users/stefanforsberg/Documents/Appcelerator_Studio_Workspace/Test/build/iphone/Test_Prefix.pch
[TRACE]  No change, skipping /Users/stefanforsberg/Documents/Appcelerator_Studio_Workspace/Test/build/iphone/Test.xcodeproj/xcshareddata/xcschemes/Test.xcscheme
[INFO]   Installing default LaunchScreen.storyboard
[TRACE]  No change, skipping /Users/stefanforsberg/Documents/Appcelerator_Studio_Workspace/Test/build/iphone/LaunchScreen.storyboard
[INFO]   Creating debugger and profiler plists
[DEBUG]  Skipping /Users/stefanforsberg/Documents/Appcelerator_Studio_Workspace/Test/build/iphone/build/Products/Debug-iphonesimulator/Test.app/debugger.plist
[DEBUG]  Skipping /Users/stefanforsberg/Documents/Appcelerator_Studio_Workspace/Test/build/iphone/build/Products/Debug-iphonesimulator/Test.app/profiler.plist
[INFO]   Analyzing Resources directory
[INFO]   Analyzing platform files
[INFO]   Analyzing module files
[INFO]   Analyzing localized launch images
[INFO]   Analyzing CommonJS modules
[INFO]   Analyzing CommonJS module: ti.cloud
[INFO]   Creating asset catalog
[TRACE]  No change, skipping /Users/stefanforsberg/Documents/Appcelerator_Studio_Workspace/Test/build/iphone/Assets.xcassets/Contents.json
[INFO]   Creating app icon set
[TRACE]  Found generated 29x29 app icon: /Users/stefanforsberg/Documents/Appcelerator_Studio_Workspace/Test/build/iphone/Assets.xcassets/AppIcon.appiconset/appicon-Small.png
[TRACE]  Found generated 58x58 app icon: /Users/stefanforsberg/Documents/Appcelerator_Studio_Workspace/Test/build/iphone/Assets.xcassets/AppIcon.appiconset/appicon-Small@2x.png
[TRACE]  Found generated 87x87 app icon: /Users/stefanforsberg/Documents/Appcelerator_Studio_Workspace/Test/build/iphone/Assets.xcassets/AppIcon.appiconset/appicon-Small@3x.png
[TRACE]  Found generated 40x40 app icon: /Users/stefanforsberg/Documents/Appcelerator_Studio_Workspace/Test/build/iphone/Assets.xcassets/AppIcon.appiconset/appicon-Small-40.png
[TRACE]  Found generated 80x80 app icon: /Users/stefanforsberg/Documents/Appcelerator_Studio_Workspace/Test/build/iphone/Assets.xcassets/AppIcon.appiconset/appicon-Small-40@2x.png
[TRACE]  Found generated 120x120 app icon: /Users/stefanforsberg/Documents/Appcelerator_Studio_Workspace/Test/build/iphone/Assets.xcassets/AppIcon.appiconset/appicon-Small-40@3x.png
[TRACE]  Found generated 120x120 app icon: /Users/stefanforsberg/Documents/Appcelerator_Studio_Workspace/Test/build/iphone/Assets.xcassets/AppIcon.appiconset/appicon-60@2x.png
[TRACE]  Found generated 180x180 app icon: /Users/stefanforsberg/Documents/Appcelerator_Studio_Workspace/Test/build/iphone/Assets.xcassets/AppIcon.appiconset/appicon-60@3x.png
[TRACE]  Found generated 76x76 app icon: /Users/stefanforsberg/Documents/Appcelerator_Studio_Workspace/Test/build/iphone/Assets.xcassets/AppIcon.appiconset/appicon-76.png
[TRACE]  Found generated 152x152 app icon: /Users/stefanforsberg/Documents/Appcelerator_Studio_Workspace/Test/build/iphone/Assets.xcassets/AppIcon.appiconset/appicon-76@2x.png
[TRACE]  Found generated 167x167 app icon: /Users/stefanforsberg/Documents/Appcelerator_Studio_Workspace/Test/build/iphone/Assets.xcassets/AppIcon.appiconset/appicon-83.5@2x.png
[TRACE]  No change, skipping /Users/stefanforsberg/Documents/Appcelerator_Studio_Workspace/Test/build/iphone/Assets.xcassets/AppIcon.appiconset/Contents.json
[INFO]   Creating launch logo image set
[TRACE]  Found generated 320x320 launch logo: /Users/stefanforsberg/Documents/Appcelerator_Studio_Workspace/Test/build/iphone/Assets.xcassets/LaunchLogo.imageset/LaunchLogo~iphone.png
[TRACE]  Found generated 374x374 launch logo: /Users/stefanforsberg/Documents/Appcelerator_Studio_Workspace/Test/build/iphone/Assets.xcassets/LaunchLogo.imageset/LaunchLogo@2x~iphone.png
[TRACE]  Found generated 621x621 launch logo: /Users/stefanforsberg/Documents/Appcelerator_Studio_Workspace/Test/build/iphone/Assets.xcassets/LaunchLogo.imageset/LaunchLogo@3x~iphone.png
[TRACE]  Found generated 384x384 launch logo: /Users/stefanforsberg/Documents/Appcelerator_Studio_Workspace/Test/build/iphone/Assets.xcassets/LaunchLogo.imageset/LaunchLogo~ipad.png
[TRACE]  Found generated 1024x1024 launch logo: /Users/stefanforsberg/Documents/Appcelerator_Studio_Workspace/Test/build/iphone/Assets.xcassets/LaunchLogo.imageset/LaunchLogo@2x~ipad.png
[TRACE]  No change, skipping /Users/stefanforsberg/Documents/Appcelerator_Studio_Workspace/Test/build/iphone/Assets.xcassets/LaunchLogo.imageset/Contents.json
[INFO]   Creating launch image set
[TRACE]  No change, skipping /Users/stefanforsberg/Documents/Appcelerator_Studio_Workspace/Test/build/iphone/Assets.xcassets/LaunchImage.launchimage/Contents.json
[INFO]   Creating assets image set
[TRACE]  No change, skipping /Users/stefanforsberg/Documents/Appcelerator_Studio_Workspace/Test/build/iphone/Assets.xcassets/89bf319d84755975b0e11e7154c00e94a97b9ee4.imageset/Contents.json
[TRACE]  No change, skipping /Users/stefanforsberg/Documents/Appcelerator_Studio_Workspace/Test/build/iphone/Assets.xcassets/1b056581998dde8fc38ca183fb44424d477041bc.imageset/Contents.json
[TRACE]  No change, skipping /Users/stefanforsberg/Documents/Appcelerator_Studio_Workspace/Test/build/iphone/Assets.xcassets/c9a1d7fe2abd3d534fd512e9447a917322889096.imageset/Contents.json
[TRACE]  No change, skipping /Users/stefanforsberg/Documents/Appcelerator_Studio_Workspace/Test/build/iphone/Assets.xcassets/f6e8fee16df3e93e1552b8092b8f173c4cb8399d.imageset/Contents.json
[TRACE]  No change, skipping /Users/stefanforsberg/Documents/Appcelerator_Studio_Workspace/Test/build/iphone/Assets.xcassets/5ad84f7d491c1fff69a4314fe6247e128125ec7f.imageset/Contents.json
[TRACE]  No change, skipping /Users/stefanforsberg/Documents/Appcelerator_Studio_Workspace/Test/build/iphone/Assets.xcassets/1fad57315cb1323912fbde9926aec588a2f3fd17.imageset/Contents.json
[TRACE]  No change, skipping /Users/stefanforsberg/Documents/Appcelerator_Studio_Workspace/Test/build/iphone/Assets.xcassets/c9804be44d7116b13ddbbbf33fef8f0d4362bd7e.imageset/Contents.json
[TRACE]  No change, skipping /Users/stefanforsberg/Documents/Appcelerator_Studio_Workspace/Test/build/iphone/Assets.xcassets/ce68c66a466c9cc6acf7fc8242bc8cb364739375.imageset/Contents.json
[TRACE]  No change, skipping /Users/stefanforsberg/Documents/Appcelerator_Studio_Workspace/Test/build/iphone/Assets.xcassets/69f057d920b953997296bd039417fb3ee04dbb86.imageset/Contents.json
[TRACE]  No change, skipping /Users/stefanforsberg/Documents/Appcelerator_Studio_Workspace/Test/build/iphone/Assets.xcassets/df45bff4714111a4a8781c4d6c13f116bc3fa0f0.imageset/Contents.json
[TRACE]  No change, skipping /Users/stefanforsberg/Documents/Appcelerator_Studio_Workspace/Test/build/iphone/Assets.xcassets/5d692e1207c9a30e71e3c318ec859ee44fb64dd9.imageset/Contents.json
[TRACE]  No change, skipping /Users/stefanforsberg/Documents/Appcelerator_Studio_Workspace/Test/build/iphone/Assets.xcassets/f90740c3570c9f2ecaedbadf4a579952d7b3ddd2.imageset/Contents.json
[TRACE]  No change, skipping /Users/stefanforsberg/Documents/Appcelerator_Studio_Workspace/Test/build/iphone/Assets.xcassets/560c5c01d8dcabdd16c1cc915b76ba579a8cd480.imageset/Contents.json
[TRACE]  No change, skipping /Users/stefanforsberg/Documents/Appcelerator_Studio_Workspace/Test/build/iphone/Assets.xcassets/a6b8dfd09ec394cf8cb7763fa8720260487ce432.imageset/Contents.json
[TRACE]  No change, skipping /Users/stefanforsberg/Documents/Appcelerator_Studio_Workspace/Test/build/iphone/Assets.xcassets/5115bde79d984891674807177e6c31c43caeb28b.imageset/Contents.json
[TRACE]  No change, skipping /Users/stefanforsberg/Documents/Appcelerator_Studio_Workspace/Test/build/iphone/Assets.xcassets/3557e2981f24582937d2860d9e35cbc326548007.imageset/Contents.json
[TRACE]  No change, skipping /Users/stefanforsberg/Documents/Appcelerator_Studio_Workspace/Test/build/iphone/Assets.xcassets/b4e24ede49ca528e7a5fab466fa10a43d533aecf.imageset/Contents.json
[TRACE]  No change, skipping /Users/stefanforsberg/Documents/Appcelerator_Studio_Workspace/Test/build/iphone/Assets.xcassets/96cae67dec673967d82d8c80eaa4e286f1d1d7b3.imageset/Contents.json
[TRACE]  No change, skipping /Users/stefanforsberg/Documents/Appcelerator_Studio_Workspace/Test/build/iphone/Assets.xcassets/3ab8ef6b0a259ccb745d1e65f7a567fa60a95a41.imageset/Contents.json
[TRACE]  No change, skipping /Users/stefanforsberg/Documents/Appcelerator_Studio_Workspace/Test/build/iphone/Assets.xcassets/a2e979b5969da098667b82eea4cd650dc6f75116.imageset/Contents.json
[TRACE]  No change, skipping /Users/stefanforsberg/Documents/Appcelerator_Studio_Workspace/Test/build/iphone/Assets.xcassets/e80ac6ee25a7197425c04c5deea12b5e625c44a6.imageset/Contents.json
[TRACE]  No change, skipping /Users/stefanforsberg/Documents/Appcelerator_Studio_Workspace/Test/build/iphone/Assets.xcassets/13b65a894bb0cd315b9ea63c60377e568a5d36ed.imageset/Contents.json
[TRACE]  No change, skipping /Users/stefanforsberg/Documents/Appcelerator_Studio_Workspace/Test/build/iphone/Assets.xcassets/19696ac1321482453fe46c4b09483b391758083e.imageset/Contents.json
[TRACE]  No change, skipping /Users/stefanforsberg/Documents/Appcelerator_Studio_Workspace/Test/build/iphone/Assets.xcassets/d7c9a94fd1ab34f5c01c934164e9b2cc1e5234de.imageset/Contents.json
[TRACE]  No change, skipping /Users/stefanforsberg/Documents/Appcelerator_Studio_Workspace/Test/build/iphone/Assets.xcassets/48abfdc1071c181ae1a0731a65227c5db3c8ce29.imageset/Contents.json
[TRACE]  No change, skipping /Users/stefanforsberg/Documents/Appcelerator_Studio_Workspace/Test/build/iphone/Assets.xcassets/f565303a755c091705f37140f76450d0008de794.imageset/Contents.json
[TRACE]  No change, skipping /Users/stefanforsberg/Documents/Appcelerator_Studio_Workspace/Test/build/iphone/Assets.xcassets/42b87b964d616a3c27599556e7e4d9153c18f6fd.imageset/Contents.json
[TRACE]  No change, skipping /Users/stefanforsberg/Documents/Appcelerator_Studio_Workspace/Test/build/iphone/Assets.xcassets/1b20f7569a3d8b49d2ed6b089f1fdd238e8af28c.imageset/Contents.json
[TRACE]  No change, skipping /Users/stefanforsberg/Documents/Appcelerator_Studio_Workspace/Test/build/iphone/Assets.xcassets/181b4af05aff2950a060e1b89db8d99463c8ae35.imageset/Contents.json
[TRACE]  No change, skipping /Users/stefanforsberg/Documents/Appcelerator_Studio_Workspace/Test/build/iphone/Assets.xcassets/9bbe792bb0e2ed38d5b8ed3229800af3d72eb002.imageset/Contents.json
[TRACE]  No change, skipping /Users/stefanforsberg/Documents/Appcelerator_Studio_Workspace/Test/build/iphone/Assets.xcassets/e6923fb3820ecee83595a04f23a627c5f5904c83.imageset/Contents.json
[TRACE]  No change, skipping /Users/stefanforsberg/Documents/Appcelerator_Studio_Workspace/Test/build/iphone/Assets.xcassets/f32e3f768856c981a2c8e99445df6bfab0704163.imageset/Contents.json
[TRACE]  No change, skipping /Users/stefanforsberg/Documents/Appcelerator_Studio_Workspace/Test/build/iphone/Assets.xcassets/8a875f2cf9580078868e5fece4886a395f46fe16.imageset/Contents.json
[TRACE]  No change, skipping /Users/stefanforsberg/Documents/Appcelerator_Studio_Workspace/Test/build/iphone/Assets.xcassets/f89eebca79461ff5b2929dd952c283d076f15df4.imageset/Contents.json
[TRACE]  No change, skipping /Users/stefanforsberg/Documents/Appcelerator_Studio_Workspace/Test/build/iphone/Assets.xcassets/915064d98467c13a6ddd7f0b302ac9c1c2b5cd89.imageset/Contents.json
[TRACE]  No change, skipping /Users/stefanforsberg/Documents/Appcelerator_Studio_Workspace/Test/build/iphone/Assets.xcassets/cb97b03b77347e43e412a9df5e6f2e57bad15268.imageset/Contents.json
[TRACE]  No change, skipping /Users/stefanforsberg/Documents/Appcelerator_Studio_Workspace/Test/build/iphone/Assets.xcassets/6941ef1ebf5fbf79c46625a2b0f2a17e3a83f347.imageset/Contents.json
[TRACE]  No change, skipping /Users/stefanforsberg/Documents/Appcelerator_Studio_Workspace/Test/build/iphone/Assets.xcassets/9d6a57f0b7c26251555e7d8f6a9b09e5655facdc.imageset/Contents.json
[TRACE]  No change, skipping /Users/stefanforsberg/Documents/Appcelerator_Studio_Workspace/Test/build/iphone/Assets.xcassets/03d67475b01ad16fb30e11834c81ccc98ebce9a0.imageset/Contents.json
[TRACE]  No change, skipping /Users/stefanforsberg/Documents/Appcelerator_Studio_Workspace/Test/build/iphone/Assets.xcassets/b0cf5e020766071d8c3dfe22e37c01379cf44876.imageset/Contents.json
[TRACE]  No change, skipping /Users/stefanforsberg/Documents/Appcelerator_Studio_Workspace/Test/build/iphone/Assets.xcassets/b472e182a34739735cf69eef55763f87a83c87cd.imageset/Contents.json
[TRACE]  No change, skipping /Users/stefanforsberg/Documents/Appcelerator_Studio_Workspace/Test/build/iphone/Assets.xcassets/3bc1fe42bc6110f3e7fa7e687cc7df9a48dc4b58.imageset/Contents.json
[TRACE]  No change, skipping /Users/stefanforsberg/Documents/Appcelerator_Studio_Workspace/Test/build/iphone/Assets.xcassets/9ac51bb45566f3eda1b9f9b0fa1f71aaea54bd0c.imageset/Contents.json
[TRACE]  No change, skipping /Users/stefanforsberg/Documents/Appcelerator_Studio_Workspace/Test/build/iphone/Assets.xcassets/43e43be4689c7d75d74eaa38fa1b6b3111dbf996.imageset/Contents.json
[TRACE]  No change, skipping /Users/stefanforsberg/Documents/Appcelerator_Studio_Workspace/Test/build/iphone/Assets.xcassets/a15c35618587739afdc0adae6d199b8e98f81bcd.imageset/Contents.json
[TRACE]  No change, skipping /Users/stefanforsberg/Documents/Appcelerator_Studio_Workspace/Test/build/iphone/Assets.xcassets/6427e05970119fa14df8373ead56678d0e892a7d.imageset/Contents.json
[TRACE]  No change, skipping /Users/stefanforsberg/Documents/Appcelerator_Studio_Workspace/Test/build/iphone/Assets.xcassets/77af44d458fb230661123b9bf4ffc6454b17aa10.imageset/Contents.json
[TRACE]  No change, skipping /Users/stefanforsberg/Documents/Appcelerator_Studio_Workspace/Test/build/iphone/Assets.xcassets/2e7ccad478c8568fced910e5f5847d13bb5a5b98.imageset/Contents.json
[TRACE]  No change, skipping /Users/stefanforsberg/Documents/Appcelerator_Studio_Workspace/Test/build/iphone/Assets.xcassets/4f6d986771f8ba6a1b8e18237619e0d9e702f0a7.imageset/Contents.json
[TRACE]  No change, skipping /Users/stefanforsberg/Documents/Appcelerator_Studio_Workspace/Test/build/iphone/Assets.xcassets/20cec0e60babb6852b5416c576f103b94b9071e3.imageset/Contents.json
[TRACE]  No change, skipping /Users/stefanforsberg/Documents/Appcelerator_Studio_Workspace/Test/build/iphone/Assets.xcassets/e98cef7d9b9d7eb74f896cf42686393c1c86d4ee.imageset/Contents.json
[TRACE]  No change, skipping /Users/stefanforsberg/Documents/Appcelerator_Studio_Workspace/Test/build/iphone/Assets.xcassets/c882c2d47208b0d15b044550504ed594272b0b27.imageset/Contents.json
[TRACE]  No change, skipping /Users/stefanforsberg/Documents/Appcelerator_Studio_Workspace/Test/build/iphone/Assets.xcassets/b7acece1bf9fc85ff06e93b61ff0e0e0e7e066f2.imageset/Contents.json
[TRACE]  No change, skipping /Users/stefanforsberg/Documents/Appcelerator_Studio_Workspace/Test/build/iphone/Assets.xcassets/3ad315568e0a5e16badd6de0ccbf80251dc8ad41.imageset/Contents.json
[TRACE]  No change, skipping /Users/stefanforsberg/Documents/Appcelerator_Studio_Workspace/Test/build/iphone/Assets.xcassets/a8f15a335951438d13da2fa49cbb161b17e20f76.imageset/Contents.json
[TRACE]  No change, skipping /Users/stefanforsberg/Documents/Appcelerator_Studio_Workspace/Test/build/iphone/Assets.xcassets/12da96481a8692111feb48cb3c82a56885a8197c.imageset/Contents.json
[TRACE]  No change, skipping /Users/stefanforsberg/Documents/Appcelerator_Studio_Workspace/Test/build/iphone/Assets.xcassets/ee0f3c8fee7e565bfb2fb31eea3f75697a022b0a.imageset/Contents.json
[TRACE]  No change, skipping /Users/stefanforsberg/Documents/Appcelerator_Studio_Workspace/Test/build/iphone/Assets.xcassets/e7e39f0eeb92b656f3a917eafe6c71897be33a82.imageset/Contents.json
[TRACE]  No change, skipping /Users/stefanforsberg/Documents/Appcelerator_Studio_Workspace/Test/build/iphone/Assets.xcassets/2a36af3456261c132720cdda8e38bdf070b372c7.imageset/Contents.json
[TRACE]  No change, skipping /Users/stefanforsberg/Documents/Appcelerator_Studio_Workspace/Test/build/iphone/Assets.xcassets/c42d395efcf72b732541ccb7cbc34922e8125d22.imageset/Contents.json
[TRACE]  No change, skipping /Users/stefanforsberg/Documents/Appcelerator_Studio_Workspace/Test/build/iphone/Assets.xcassets/3521926d8e0c129b126496d367bf5191ec32b8b7.imageset/Contents.json
[TRACE]  No change, skipping /Users/stefanforsberg/Documents/Appcelerator_Studio_Workspace/Test/build/iphone/Assets.xcassets/676761a7dcb905fedc257b422c0e48ea088fc3a4.imageset/Contents.json
[TRACE]  No change, skipping /Users/stefanforsberg/Documents/Appcelerator_Studio_Workspace/Test/build/iphone/Assets.xcassets/dc6273cd2408fda650d14afa0b35da6af72ee217.imageset/Contents.json
[TRACE]  No change, skipping /Users/stefanforsberg/Documents/Appcelerator_Studio_Workspace/Test/build/iphone/Assets.xcassets/fa76da2cad9289bdfbfb921ad4007634849777f1.imageset/Contents.json
[DEBUG]  Copying resources
[TRACE]  No change, skipping /Users/stefanforsberg/Documents/Appcelerator_Studio_Workspace/Test/build/iphone/build/Products/Debug-iphonesimulator/Test.app/fonts/fonts/FontAwesome.otf
[TRACE]  No change, skipping /Users/stefanforsberg/Documents/Appcelerator_Studio_Workspace/Test/build/iphone/build/Products/Debug-iphonesimulator/Test.app/fonts/fonts/fontawesome-webfont.eot
[TRACE]  No change, skipping /Users/stefanforsberg/Documents/Appcelerator_Studio_Workspace/Test/build/iphone/build/Products/Debug-iphonesimulator/Test.app/fonts/fonts/fontawesome-webfont.svg
[TRACE]  No change, skipping /Users/stefanforsberg/Documents/Appcelerator_Studio_Workspace/Test/build/iphone/build/Products/Debug-iphonesimulator/Test.app/fonts/fonts/fontawesome-webfont.ttf
[TRACE]  No change, skipping /Users/stefanforsberg/Documents/Appcelerator_Studio_Workspace/Test/build/iphone/build/Products/Debug-iphonesimulator/Test.app/fonts/fonts/fontawesome-webfont.woff
[TRACE]  No change, skipping /Users/stefanforsberg/Documents/Appcelerator_Studio_Workspace/Test/build/iphone/build/Products/Debug-iphonesimulator/Test.app/fonts/fonts/fontawesome-webfont.woff2
[DEBUG]  Overwriting /Users/stefanforsberg/Documents/Appcelerator_Studio_Workspace/Test/platform/ios/alloy_generated => /Users/stefanforsberg/Documents/Appcelerator_Studio_Workspace/Test/build/iphone/alloy_generated
[TRACE]  No change, skipping /Users/stefanforsberg/Documents/Appcelerator_Studio_Workspace/Test/build/iphone/build/Products/Debug-iphonesimulator/Test.app/modules/facebook/README
[TRACE]  No change, skipping /Users/stefanforsberg/Documents/Appcelerator_Studio_Workspace/Test/build/iphone/build/Products/Debug-iphonesimulator/Test.app/ti.cloud/LICENSE
[TRACE]  No change, skipping /Users/stefanforsberg/Documents/Appcelerator_Studio_Workspace/Test/build/iphone/build/Products/Debug-iphonesimulator/Test.app/ti.cloud/manifest
[TRACE]  No change, skipping /Users/stefanforsberg/Documents/Appcelerator_Studio_Workspace/Test/build/iphone/build/Products/Debug-iphonesimulator/Test.app/ti.cloud/package.json
[TRACE]  No change, skipping /Users/stefanforsberg/Documents/Appcelerator_Studio_Workspace/Test/build/iphone/Assets.xcassets/89bf319d84755975b0e11e7154c00e94a97b9ee4.imageset/choose-date-entry.png
[TRACE]  No change, skipping /Users/stefanforsberg/Documents/Appcelerator_Studio_Workspace/Test/build/iphone/Assets.xcassets/1b056581998dde8fc38ca183fb44424d477041bc.imageset/choose-date-entry.png
[TRACE]  No change, skipping /Users/stefanforsberg/Documents/Appcelerator_Studio_Workspace/Test/build/iphone/Assets.xcassets/c9a1d7fe2abd3d534fd512e9447a917322889096.imageset/hotlist-cover-ipad.png
[TRACE]  No change, skipping /Users/stefanforsberg/Documents/Appcelerator_Studio_Workspace/Test/build/iphone/Assets.xcassets/f6e8fee16df3e93e1552b8092b8f173c4cb8399d.imageset/projects-cover-ipad.png
[TRACE]  No change, skipping /Users/stefanforsberg/Documents/Appcelerator_Studio_Workspace/Test/build/iphone/Assets.xcassets/5ad84f7d491c1fff69a4314fe6247e128125ec7f.imageset/recent-cover-ipad.png
[TRACE]  No change, skipping /Users/stefanforsberg/Documents/Appcelerator_Studio_Workspace/Test/build/iphone/Assets.xcassets/1fad57315cb1323912fbde9926aec588a2f3fd17.imageset/reporting-cover-ipad.png
[TRACE]  No change, skipping /Users/stefanforsberg/Documents/Appcelerator_Studio_Workspace/Test/build/iphone/Assets.xcassets/c9804be44d7116b13ddbbbf33fef8f0d4362bd7e.imageset/addcontacts.png
[TRACE]  No change, skipping /Users/stefanforsberg/Documents/Appcelerator_Studio_Workspace/Test/build/iphone/Assets.xcassets/ce68c66a466c9cc6acf7fc8242bc8cb364739375.imageset/addtasks.png
[TRACE]  No change, skipping /Users/stefanforsberg/Documents/Appcelerator_Studio_Workspace/Test/build/iphone/Assets.xcassets/69f057d920b953997296bd039417fb3ee04dbb86.imageset/arrow-right.png
[TRACE]  No change, skipping /Users/stefanforsberg/Documents/Appcelerator_Studio_Workspace/Test/build/iphone/Assets.xcassets/df45bff4714111a4a8781c4d6c13f116bc3fa0f0.imageset/calendar-icon.png
[TRACE]  No change, skipping /Users/stefanforsberg/Documents/Appcelerator_Studio_Workspace/Test/build/iphone/Assets.xcassets/5d692e1207c9a30e71e3c318ec859ee44fb64dd9.imageset/congratulations.png
[TRACE]  No change, skipping /Users/stefanforsberg/Documents/Appcelerator_Studio_Workspace/Test/build/iphone/Assets.xcassets/f90740c3570c9f2ecaedbadf4a579952d7b3ddd2.imageset/create-project.png
[TRACE]  No change, skipping /Users/stefanforsberg/Documents/Appcelerator_Studio_Workspace/Test/build/iphone/Assets.xcassets/560c5c01d8dcabdd16c1cc915b76ba579a8cd480.imageset/db-contacts-grey.png
[TRACE]  No change, skipping /Users/stefanforsberg/Documents/Appcelerator_Studio_Workspace/Test/build/iphone/Assets.xcassets/a6b8dfd09ec394cf8cb7763fa8720260487ce432.imageset/db-contacts.png
[TRACE]  No change, skipping /Users/stefanforsberg/Documents/Appcelerator_Studio_Workspace/Test/build/iphone/Assets.xcassets/5115bde79d984891674807177e6c31c43caeb28b.imageset/db-hotlist-grey.png
[TRACE]  No change, skipping /Users/stefanforsberg/Documents/Appcelerator_Studio_Workspace/Test/build/iphone/Assets.xcassets/3557e2981f24582937d2860d9e35cbc326548007.imageset/db-hotlist.png
[TRACE]  No change, skipping /Users/stefanforsberg/Documents/Appcelerator_Studio_Workspace/Test/build/iphone/Assets.xcassets/b4e24ede49ca528e7a5fab466fa10a43d533aecf.imageset/db-projects-grey.png
[TRACE]  No change, skipping /Users/stefanforsberg/Documents/Appcelerator_Studio_Workspace/Test/build/iphone/Assets.xcassets/96cae67dec673967d82d8c80eaa4e286f1d1d7b3.imageset/db-projects.png
[TRACE]  No change, skipping /Users/stefanforsberg/Documents/Appcelerator_Studio_Workspace/Test/build/iphone/Assets.xcassets/3ab8ef6b0a259ccb745d1e65f7a567fa60a95a41.imageset/db-recent-grey.png
[TRACE]  No change, skipping /Users/stefanforsberg/Documents/Appcelerator_Studio_Workspace/Test/build/iphone/Assets.xcassets/a2e979b5969da098667b82eea4cd650dc6f75116.imageset/db-recent.png
[TRACE]  No change, skipping /Users/stefanforsberg/Documents/Appcelerator_Studio_Workspace/Test/build/iphone/Assets.xcassets/e80ac6ee25a7197425c04c5deea12b5e625c44a6.imageset/db-reporting-grey.png
[TRACE]  No change, skipping /Users/stefanforsberg/Documents/Appcelerator_Studio_Workspace/Test/build/iphone/Assets.xcassets/13b65a894bb0cd315b9ea63c60377e568a5d36ed.imageset/db-reporting.png
[TRACE]  No change, skipping /Users/stefanforsberg/Documents/Appcelerator_Studio_Workspace/Test/build/iphone/Assets.xcassets/19696ac1321482453fe46c4b09483b391758083e.imageset/db-settings-grey.png
[TRACE]  No change, skipping /Users/stefanforsberg/Documents/Appcelerator_Studio_Workspace/Test/build/iphone/Assets.xcassets/d7c9a94fd1ab34f5c01c934164e9b2cc1e5234de.imageset/db-settings.png
[TRACE]  No change, skipping /Users/stefanforsberg/Documents/Appcelerator_Studio_Workspace/Test/build/iphone/Assets.xcassets/48abfdc1071c181ae1a0731a65227c5db3c8ce29.imageset/divider-line-grey.png
[TRACE]  No change, skipping /Users/stefanforsberg/Documents/Appcelerator_Studio_Workspace/Test/build/iphone/Assets.xcassets/f565303a755c091705f37140f76450d0008de794.imageset/dojo-bottom.png
[TRACE]  No change, skipping /Users/stefanforsberg/Documents/Appcelerator_Studio_Workspace/Test/build/iphone/Assets.xcassets/42b87b964d616a3c27599556e7e4d9153c18f6fd.imageset/dojo-cover.png
[TRACE]  No change, skipping /Users/stefanforsberg/Documents/Appcelerator_Studio_Workspace/Test/build/iphone/Assets.xcassets/1b20f7569a3d8b49d2ed6b089f1fdd238e8af28c.imageset/goals-bar.png
[TRACE]  No change, skipping /Users/stefanforsberg/Documents/Appcelerator_Studio_Workspace/Test/build/iphone/Assets.xcassets/181b4af05aff2950a060e1b89db8d99463c8ae35.imageset/plus-green.png
[TRACE]  No change, skipping /Users/stefanforsberg/Documents/Appcelerator_Studio_Workspace/Test/build/iphone/Assets.xcassets/9bbe792bb0e2ed38d5b8ed3229800af3d72eb002.imageset/project-contacts-cover.png
[TRACE]  No change, skipping /Users/stefanforsberg/Documents/Appcelerator_Studio_Workspace/Test/build/iphone/Assets.xcassets/e6923fb3820ecee83595a04f23a627c5f5904c83.imageset/project-dashboard-cover.png
[TRACE]  No change, skipping /Users/stefanforsberg/Documents/Appcelerator_Studio_Workspace/Test/build/iphone/Assets.xcassets/f32e3f768856c981a2c8e99445df6bfab0704163.imageset/project-db-cover.png
[TRACE]  No change, skipping /Users/stefanforsberg/Documents/Appcelerator_Studio_Workspace/Test/build/iphone/Assets.xcassets/8a875f2cf9580078868e5fece4886a395f46fe16.imageset/project-holder-image.png
[TRACE]  No change, skipping /Users/stefanforsberg/Documents/Appcelerator_Studio_Workspace/Test/build/iphone/Assets.xcassets/f89eebca79461ff5b2929dd952c283d076f15df4.imageset/project-hotlist-cover.png
[TRACE]  No change, skipping /Users/stefanforsberg/Documents/Appcelerator_Studio_Workspace/Test/build/iphone/Assets.xcassets/915064d98467c13a6ddd7f0b302ac9c1c2b5cd89.imageset/project-shuriken.png
[TRACE]  No change, skipping /Users/stefanforsberg/Documents/Appcelerator_Studio_Workspace/Test/build/iphone/Assets.xcassets/cb97b03b77347e43e412a9df5e6f2e57bad15268.imageset/project-template.png
[TRACE]  No change, skipping /Users/stefanforsberg/Documents/Appcelerator_Studio_Workspace/Test/build/iphone/Assets.xcassets/6941ef1ebf5fbf79c46625a2b0f2a17e3a83f347.imageset/recent-cover.png
[TRACE]  No change, skipping /Users/stefanforsberg/Documents/Appcelerator_Studio_Workspace/Test/build/iphone/Assets.xcassets/9d6a57f0b7c26251555e7d8f6a9b09e5655facdc.imageset/reporting-cover_1.png
[TRACE]  No change, skipping /Users/stefanforsberg/Documents/Appcelerator_Studio_Workspace/Test/build/iphone/Assets.xcassets/03d67475b01ad16fb30e11834c81ccc98ebce9a0.imageset/setgoal.png
[TRACE]  No change, skipping /Users/stefanforsberg/Documents/Appcelerator_Studio_Workspace/Test/build/iphone/Assets.xcassets/b0cf5e020766071d8c3dfe22e37c01379cf44876.imageset/tasks-bar.png
[TRACE]  No change, skipping /Users/stefanforsberg/Documents/Appcelerator_Studio_Workspace/Test/build/iphone/Assets.xcassets/b472e182a34739735cf69eef55763f87a83c87cd.imageset/ui-hotlist-cover.png
[TRACE]  No change, skipping /Users/stefanforsberg/Documents/Appcelerator_Studio_Workspace/Test/build/iphone/Assets.xcassets/3bc1fe42bc6110f3e7fa7e687cc7df9a48dc4b58.imageset/ui-projects-cover.png
[TRACE]  No change, skipping /Users/stefanforsberg/Documents/Appcelerator_Studio_Workspace/Test/build/iphone/Assets.xcassets/9ac51bb45566f3eda1b9f9b0fa1f71aaea54bd0c.imageset/thenetworkninjas-logo.png
[TRACE]  No change, skipping /Users/stefanforsberg/Documents/Appcelerator_Studio_Workspace/Test/build/iphone/Assets.xcassets/43e43be4689c7d75d74eaa38fa1b6b3111dbf996.imageset/Default-568h@2x.png
[TRACE]  No change, skipping /Users/stefanforsberg/Documents/Appcelerator_Studio_Workspace/Test/build/iphone/Assets.xcassets/a15c35618587739afdc0adae6d199b8e98f81bcd.imageset/Default-667h@2x.png
[TRACE]  No change, skipping /Users/stefanforsberg/Documents/Appcelerator_Studio_Workspace/Test/build/iphone/Assets.xcassets/6427e05970119fa14df8373ead56678d0e892a7d.imageset/Default-Landscape-736h@3x.png
[TRACE]  No change, skipping /Users/stefanforsberg/Documents/Appcelerator_Studio_Workspace/Test/build/iphone/Assets.xcassets/77af44d458fb230661123b9bf4ffc6454b17aa10.imageset/Default-Landscape.png
[TRACE]  No change, skipping /Users/stefanforsberg/Documents/Appcelerator_Studio_Workspace/Test/build/iphone/Assets.xcassets/77af44d458fb230661123b9bf4ffc6454b17aa10.imageset/Default-Landscape@2x.png
[TRACE]  No change, skipping /Users/stefanforsberg/Documents/Appcelerator_Studio_Workspace/Test/build/iphone/Assets.xcassets/2e7ccad478c8568fced910e5f5847d13bb5a5b98.imageset/Default-Portrait-736h@3x.png
[TRACE]  No change, skipping /Users/stefanforsberg/Documents/Appcelerator_Studio_Workspace/Test/build/iphone/Assets.xcassets/4f6d986771f8ba6a1b8e18237619e0d9e702f0a7.imageset/Default-Portrait.png
[TRACE]  No change, skipping /Users/stefanforsberg/Documents/Appcelerator_Studio_Workspace/Test/build/iphone/Assets.xcassets/4f6d986771f8ba6a1b8e18237619e0d9e702f0a7.imageset/Default-Portrait@2x.png
[TRACE]  No change, skipping /Users/stefanforsberg/Documents/Appcelerator_Studio_Workspace/Test/build/iphone/Assets.xcassets/20cec0e60babb6852b5416c576f103b94b9071e3.imageset/Default.png
[TRACE]  No change, skipping /Users/stefanforsberg/Documents/Appcelerator_Studio_Workspace/Test/build/iphone/Assets.xcassets/20cec0e60babb6852b5416c576f103b94b9071e3.imageset/Default@2x.png
[TRACE]  No change, skipping /Users/stefanforsberg/Documents/Appcelerator_Studio_Workspace/Test/build/iphone/Assets.xcassets/e98cef7d9b9d7eb74f896cf42686393c1c86d4ee.imageset/choose-date-entry.png
[TRACE]  No change, skipping /Users/stefanforsberg/Documents/Appcelerator_Studio_Workspace/Test/build/iphone/Assets.xcassets/c882c2d47208b0d15b044550504ed594272b0b27.imageset/plus-green.png
[TRACE]  No change, skipping /Users/stefanforsberg/Documents/Appcelerator_Studio_Workspace/Test/build/iphone/Assets.xcassets/b7acece1bf9fc85ff06e93b61ff0e0e0e7e066f2.imageset/project-shuriken.png
[TRACE]  No change, skipping /Users/stefanforsberg/Documents/Appcelerator_Studio_Workspace/Test/build/iphone/Assets.xcassets/3ad315568e0a5e16badd6de0ccbf80251dc8ad41.imageset/reporting-cover.png
[TRACE]  No change, skipping /Users/stefanforsberg/Documents/Appcelerator_Studio_Workspace/Test/build/iphone/Assets.xcassets/a8f15a335951438d13da2fa49cbb161b17e20f76.imageset/text-box-grey.png
[TRACE]  No change, skipping /Users/stefanforsberg/Documents/Appcelerator_Studio_Workspace/Test/build/iphone/Assets.xcassets/12da96481a8692111feb48cb3c82a56885a8197c.imageset/ui-contacts.png
[TRACE]  No change, skipping /Users/stefanforsberg/Documents/Appcelerator_Studio_Workspace/Test/build/iphone/Assets.xcassets/ee0f3c8fee7e565bfb2fb31eea3f75697a022b0a.imageset/ui-hotlist-cover.png
[TRACE]  No change, skipping /Users/stefanforsberg/Documents/Appcelerator_Studio_Workspace/Test/build/iphone/Assets.xcassets/e7e39f0eeb92b656f3a917eafe6c71897be33a82.imageset/ui-hotlist.png
[TRACE]  No change, skipping /Users/stefanforsberg/Documents/Appcelerator_Studio_Workspace/Test/build/iphone/Assets.xcassets/2a36af3456261c132720cdda8e38bdf070b372c7.imageset/ui-projects-cover.png
[TRACE]  No change, skipping /Users/stefanforsberg/Documents/Appcelerator_Studio_Workspace/Test/build/iphone/Assets.xcassets/c42d395efcf72b732541ccb7cbc34922e8125d22.imageset/ui-projects.png
[TRACE]  No change, skipping /Users/stefanforsberg/Documents/Appcelerator_Studio_Workspace/Test/build/iphone/Assets.xcassets/3521926d8e0c129b126496d367bf5191ec32b8b7.imageset/ui-recent.png
[TRACE]  No change, skipping /Users/stefanforsberg/Documents/Appcelerator_Studio_Workspace/Test/build/iphone/Assets.xcassets/676761a7dcb905fedc257b422c0e48ea088fc3a4.imageset/ui-reporting.png
[TRACE]  No change, skipping /Users/stefanforsberg/Documents/Appcelerator_Studio_Workspace/Test/build/iphone/Assets.xcassets/dc6273cd2408fda650d14afa0b35da6af72ee217.imageset/ui-settings.png
[TRACE]  No change, skipping /Users/stefanforsberg/Documents/Appcelerator_Studio_Workspace/Test/build/iphone/Assets.xcassets/fa76da2cad9289bdfbfb921ad4007634849777f1.imageset/project-shuriken.png
[DEBUG]  Copying CSS files
[INFO]   Processing JavaScript files
[DEBUG]  Overwriting /Users/stefanforsberg/Documents/Appcelerator_Studio_Workspace/Test/Resources/iphone/alloy/CFG.js => /Users/stefanforsberg/Documents/Appcelerator_Studio_Workspace/Test/build/iphone/build/Products/Debug-iphonesimulator/Test.app/alloy/CFG.js
[DEBUG]  Overwriting /var/folders/nz/l632ctnx5zj0gxk5kht9gl280000gn/T/liveview.js => /Users/stefanforsberg/Documents/Appcelerator_Studio_Workspace/Test/build/iphone/build/Products/Debug-iphonesimulator/Test.app/app.js
[DEBUG]  Overwriting /Users/stefanforsberg/Documents/Appcelerator_Studio_Workspace/Test/Resources/iphone/alloy/backbone.js => /Users/stefanforsberg/Documents/Appcelerator_Studio_Workspace/Test/build/iphone/build/Products/Debug-iphonesimulator/Test.app/alloy/backbone.js
[DEBUG]  Overwriting /Users/stefanforsberg/Documents/Appcelerator_Studio_Workspace/Test/Resources/iphone/alloy/constants.js => /Users/stefanforsberg/Documents/Appcelerator_Studio_Workspace/Test/build/iphone/build/Products/Debug-iphonesimulator/Test.app/alloy/constants.js
[DEBUG]  Overwriting /Users/stefanforsberg/Documents/Appcelerator_Studio_Workspace/Test/Resources/iphone/alloy/controllers/BaseController.js => /Users/stefanforsberg/Documents/Appcelerator_Studio_Workspace/Test/build/iphone/build/Products/Debug-iphonesimulator/Test.app/alloy/controllers/BaseController.js
[DEBUG]  Overwriting /Users/stefanforsberg/Documents/Appcelerator_Studio_Workspace/Test/Resources/iphone/alloy/controllers/add-contacts.js => /Users/stefanforsberg/Documents/Appcelerator_Studio_Workspace/Test/build/iphone/build/Products/Debug-iphonesimulator/Test.app/alloy/controllers/add-contacts.js
[DEBUG]  Overwriting /Users/stefanforsberg/Documents/Appcelerator_Studio_Workspace/Test/Resources/iphone/alloy/controllers/confirm-contacts.js => /Users/stefanforsberg/Documents/Appcelerator_Studio_Workspace/Test/build/iphone/build/Products/Debug-iphonesimulator/Test.app/alloy/controllers/confirm-contacts.js
[DEBUG]  Overwriting /Users/stefanforsberg/Documents/Appcelerator_Studio_Workspace/Test/Resources/iphone/alloy/controllers/contacts-number.js => /Users/stefanforsberg/Documents/Appcelerator_Studio_Workspace/Test/build/iphone/build/Products/Debug-iphonesimulator/Test.app/alloy/controllers/contacts-number.js
[DEBUG]  Overwriting /Users/stefanforsberg/Documents/Appcelerator_Studio_Workspace/Test/Resources/iphone/alloy/controllers/create-goal.js => /Users/stefanforsberg/Documents/Appcelerator_Studio_Workspace/Test/build/iphone/build/Products/Debug-iphonesimulator/Test.app/alloy/controllers/create-goal.js
[DEBUG]  Overwriting /Users/stefanforsberg/Documents/Appcelerator_Studio_Workspace/Test/Resources/iphone/alloy/controllers/create-tasks.js => /Users/stefanforsberg/Documents/Appcelerator_Studio_Workspace/Test/build/iphone/build/Products/Debug-iphonesimulator/Test.app/alloy/controllers/create-tasks.js
[DEBUG]  Overwriting /Users/stefanforsberg/Documents/Appcelerator_Studio_Workspace/Test/Resources/iphone/alloy/controllers/dashboard.js => /Users/stefanforsberg/Documents/Appcelerator_Studio_Workspace/Test/build/iphone/build/Products/Debug-iphonesimulator/Test.app/alloy/controllers/dashboard.js
[DEBUG]  Overwriting /Users/stefanforsberg/Documents/Appcelerator_Studio_Workspace/Test/Resources/iphone/alloy/controllers/deadline.js => /Users/stefanforsberg/Documents/Appcelerator_Studio_Workspace/Test/build/iphone/build/Products/Debug-iphonesimulator/Test.app/alloy/controllers/deadline.js
[DEBUG]  Overwriting /Users/stefanforsberg/Documents/Appcelerator_Studio_Workspace/Test/Resources/iphone/alloy/controllers/edit-goal.js => /Users/stefanforsberg/Documents/Appcelerator_Studio_Workspace/Test/build/iphone/build/Products/Debug-iphonesimulator/Test.app/alloy/controllers/edit-goal.js
[DEBUG]  Overwriting /Users/stefanforsberg/Documents/Appcelerator_Studio_Workspace/Test/Resources/iphone/alloy/controllers/edit-task.js => /Users/stefanforsberg/Documents/Appcelerator_Studio_Workspace/Test/build/iphone/build/Products/Debug-iphonesimulator/Test.app/alloy/controllers/edit-task.js
[DEBUG]  Overwriting /Users/stefanforsberg/Documents/Appcelerator_Studio_Workspace/Test/Resources/iphone/alloy/controllers/goal-list.js => /Users/stefanforsberg/Documents/Appcelerator_Studio_Workspace/Test/build/iphone/build/Products/Debug-iphonesimulator/Test.app/alloy/controllers/goal-list.js
[DEBUG]  Overwriting /Users/stefanforsberg/Documents/Appcelerator_Studio_Workspace/Test/Resources/iphone/alloy/controllers/hot-list.js => /Users/stefanforsberg/Documents/Appcelerator_Studio_Workspace/Test/build/iphone/build/Products/Debug-iphonesimulator/Test.app/alloy/controllers/hot-list.js
[DEBUG]  Overwriting /Users/stefanforsberg/Documents/Appcelerator_Studio_Workspace/Test/Resources/iphone/alloy/controllers/index.js => /Users/stefanforsberg/Documents/Appcelerator_Studio_Workspace/Test/build/iphone/build/Products/Debug-iphonesimulator/Test.app/alloy/controllers/index.js
[DEBUG]  Overwriting /Users/stefanforsberg/Documents/Appcelerator_Studio_Workspace/Test/Resources/iphone/alloy/controllers/login.js => /Users/stefanforsberg/Documents/Appcelerator_Studio_Workspace/Test/build/iphone/build/Products/Debug-iphonesimulator/Test.app/alloy/controllers/login.js
[DEBUG]  Overwriting /Users/stefanforsberg/Documents/Appcelerator_Studio_Workspace/Test/Resources/iphone/alloy/controllers/newmessage.js => /Users/stefanforsberg/Documents/Appcelerator_Studio_Workspace/Test/build/iphone/build/Products/Debug-iphonesimulator/Test.app/alloy/controllers/newmessage.js
[DEBUG]  Overwriting /Users/stefanforsberg/Documents/Appcelerator_Studio_Workspace/Test/Resources/iphone/alloy/controllers/pd.js => /Users/stefanforsberg/Documents/Appcelerator_Studio_Workspace/Test/build/iphone/build/Products/Debug-iphonesimulator/Test.app/alloy/controllers/pd.js
[DEBUG]  Overwriting /Users/stefanforsberg/Documents/Appcelerator_Studio_Workspace/Test/Resources/iphone/alloy/controllers/profile.js => /Users/stefanforsberg/Documents/Appcelerator_Studio_Workspace/Test/build/iphone/build/Products/Debug-iphonesimulator/Test.app/alloy/controllers/profile.js
[DEBUG]  Overwriting /Users/stefanforsberg/Documents/Appcelerator_Studio_Workspace/Test/Resources/iphone/alloy/controllers/project-complete.js => /Users/stefanforsberg/Documents/Appcelerator_Studio_Workspace/Test/build/iphone/build/Products/Debug-iphonesimulator/Test.app/alloy/controllers/project-complete.js
[DEBUG]  Overwriting /Users/stefanforsberg/Documents/Appcelerator_Studio_Workspace/Test/Resources/iphone/alloy/controllers/project-hotlist.js => /Users/stefanforsberg/Documents/Appcelerator_Studio_Workspace/Test/build/iphone/build/Products/Debug-iphonesimulator/Test.app/alloy/controllers/project-hotlist.js
[DEBUG]  Overwriting /Users/stefanforsberg/Documents/Appcelerator_Studio_Workspace/Test/Resources/iphone/alloy/controllers/project-name-type.js => /Users/stefanforsberg/Documents/Appcelerator_Studio_Workspace/Test/build/iphone/build/Products/Debug-iphonesimulator/Test.app/alloy/controllers/project-name-type.js
[DEBUG]  Overwriting /Users/stefanforsberg/Documents/Appcelerator_Studio_Workspace/Test/Resources/iphone/alloy/controllers/projects.js => /Users/stefanforsberg/Documents/Appcelerator_Studio_Workspace/Test/build/iphone/build/Products/Debug-iphonesimulator/Test.app/alloy/controllers/projects.js
[DEBUG]  Overwriting /Users/stefanforsberg/Documents/Appcelerator_Studio_Workspace/Test/Resources/iphone/alloy/controllers/recent.js => /Users/stefanforsberg/Documents/Appcelerator_Studio_Workspace/Test/build/iphone/build/Products/Debug-iphonesimulator/Test.app/alloy/controllers/recent.js
[DEBUG]  Overwriting /Users/stefanforsberg/Documents/Appcelerator_Studio_Workspace/Test/Resources/iphone/alloy/controllers/reporting.js => /Users/stefanforsberg/Documents/Appcelerator_Studio_Workspace/Test/build/iphone/build/Products/Debug-iphonesimulator/Test.app/alloy/controllers/reporting.js
[DEBUG]  Overwriting /Users/stefanforsberg/Documents/Appcelerator_Studio_Workspace/Test/Resources/iphone/alloy/controllers/scrollView-test.js => /Users/stefanforsberg/Documents/Appcelerator_Studio_Workspace/Test/build/iphone/build/Products/Debug-iphonesimulator/Test.app/alloy/controllers/scrollView-test.js
[DEBUG]  Overwriting /Users/stefanforsberg/Documents/Appcelerator_Studio_Workspace/Test/Resources/iphone/alloy/controllers/start.js => /Users/stefanforsberg/Documents/Appcelerator_Studio_Workspace/Test/build/iphone/build/Products/Debug-iphonesimulator/Test.app/alloy/controllers/start.js
[DEBUG]  Overwriting /Users/stefanforsberg/Documents/Appcelerator_Studio_Workspace/Test/Resources/iphone/alloy/controllers/task-list.js => /Users/stefanforsberg/Documents/Appcelerator_Studio_Workspace/Test/build/iphone/build/Products/Debug-iphonesimulator/Test.app/alloy/controllers/task-list.js
[DEBUG]  Overwriting /Users/stefanforsberg/Documents/Appcelerator_Studio_Workspace/Test/Resources/iphone/alloy/controllers/thread.js => /Users/stefanforsberg/Documents/Appcelerator_Studio_Workspace/Test/build/iphone/build/Products/Debug-iphonesimulator/Test.app/alloy/controllers/thread.js
[DEBUG]  Overwriting /Users/stefanforsberg/Documents/Appcelerator_Studio_Workspace/Test/Resources/iphone/alloy/styles/add-contacts.js => /Users/stefanforsberg/Documents/Appcelerator_Studio_Workspace/Test/build/iphone/build/Products/Debug-iphonesimulator/Test.app/alloy/styles/add-contacts.js
[DEBUG]  Overwriting /Users/stefanforsberg/Documents/Appcelerator_Studio_Workspace/Test/Resources/iphone/alloy/styles/confirm-contacts.js => /Users/stefanforsberg/Documents/Appcelerator_Studio_Workspace/Test/build/iphone/build/Products/Debug-iphonesimulator/Test.app/alloy/styles/confirm-contacts.js
[DEBUG]  Overwriting /Users/stefanforsberg/Documents/Appcelerator_Studio_Workspace/Test/Resources/iphone/alloy/styles/contacts-number.js => /Users/stefanforsberg/Documents/Appcelerator_Studio_Workspace/Test/build/iphone/build/Products/Debug-iphonesimulator/Test.app/alloy/styles/contacts-number.js
[DEBUG]  Overwriting /Users/stefanforsberg/Documents/Appcelerator_Studio_Workspace/Test/Resources/iphone/alloy/styles/create-goal.js => /Users/stefanforsberg/Documents/Appcelerator_Studio_Workspace/Test/build/iphone/build/Products/Debug-iphonesimulator/Test.app/alloy/styles/create-goal.js
[DEBUG]  Overwriting /Users/stefanforsberg/Documents/Appcelerator_Studio_Workspace/Test/Resources/iphone/alloy/styles/create-tasks.js => /Users/stefanforsberg/Documents/Appcelerator_Studio_Workspace/Test/build/iphone/build/Products/Debug-iphonesimulator/Test.app/alloy/styles/create-tasks.js
[DEBUG]  Overwriting /Users/stefanforsberg/Documents/Appcelerator_Studio_Workspace/Test/Resources/iphone/alloy/styles/dashboard.js => /Users/stefanforsberg/Documents/Appcelerator_Studio_Workspace/Test/build/iphone/build/Products/Debug-iphonesimulator/Test.app/alloy/styles/dashboard.js
[DEBUG]  Overwriting /Users/stefanforsberg/Documents/Appcelerator_Studio_Workspace/Test/Resources/iphone/alloy/styles/deadline.js => /Users/stefanforsberg/Documents/Appcelerator_Studio_Workspace/Test/build/iphone/build/Products/Debug-iphonesimulator/Test.app/alloy/styles/deadline.js
[DEBUG]  Overwriting /Users/stefanforsberg/Documents/Appcelerator_Studio_Workspace/Test/Resources/iphone/alloy/styles/edit-goal.js => /Users/stefanforsberg/Documents/Appcelerator_Studio_Workspace/Test/build/iphone/build/Products/Debug-iphonesimulator/Test.app/alloy/styles/edit-goal.js
[DEBUG]  Overwriting /Users/stefanforsberg/Documents/Appcelerator_Studio_Workspace/Test/Resources/iphone/alloy/styles/edit-task.js => /Users/stefanforsberg/Documents/Appcelerator_Studio_Workspace/Test/build/iphone/build/Products/Debug-iphonesimulator/Test.app/alloy/styles/edit-task.js
[DEBUG]  Overwriting /Users/stefanforsberg/Documents/Appcelerator_Studio_Workspace/Test/Resources/iphone/alloy/styles/goal-list.js => /Users/stefanforsberg/Documents/Appcelerator_Studio_Workspace/Test/build/iphone/build/Products/Debug-iphonesimulator/Test.app/alloy/styles/goal-list.js
[DEBUG]  Overwriting /Users/stefanforsberg/Documents/Appcelerator_Studio_Workspace/Test/Resources/iphone/alloy/styles/hot-list.js => /Users/stefanforsberg/Documents/Appcelerator_Studio_Workspace/Test/build/iphone/build/Products/Debug-iphonesimulator/Test.app/alloy/styles/hot-list.js
[DEBUG]  Overwriting /Users/stefanforsberg/Documents/Appcelerator_Studio_Workspace/Test/Resources/iphone/alloy/styles/index.js => /Users/stefanforsberg/Documents/Appcelerator_Studio_Workspace/Test/build/iphone/build/Products/Debug-iphonesimulator/Test.app/alloy/styles/index.js
[DEBUG]  Overwriting /Users/stefanforsberg/Documents/Appcelerator_Studio_Workspace/Test/Resources/iphone/alloy/styles/login.js => /Users/stefanforsberg/Documents/Appcelerator_Studio_Workspace/Test/build/iphone/build/Products/Debug-iphonesimulator/Test.app/alloy/styles/login.js
[DEBUG]  Overwriting /Users/stefanforsberg/Documents/Appcelerator_Studio_Workspace/Test/Resources/iphone/alloy/styles/newmessage.js => /Users/stefanforsberg/Documents/Appcelerator_Studio_Workspace/Test/build/iphone/build/Products/Debug-iphonesimulator/Test.app/alloy/styles/newmessage.js
[DEBUG]  Overwriting /Users/stefanforsberg/Documents/Appcelerator_Studio_Workspace/Test/Resources/iphone/alloy/styles/pd.js => /Users/stefanforsberg/Documents/Appcelerator_Studio_Workspace/Test/build/iphone/build/Products/Debug-iphonesimulator/Test.app/alloy/styles/pd.js
[DEBUG]  Overwriting /Users/stefanforsberg/Documents/Appcelerator_Studio_Workspace/Test/Resources/iphone/alloy/styles/profile.js => /Users/stefanforsberg/Documents/Appcelerator_Studio_Workspace/Test/build/iphone/build/Products/Debug-iphonesimulator/Test.app/alloy/styles/profile.js
[DEBUG]  Overwriting /Users/stefanforsberg/Documents/Appcelerator_Studio_Workspace/Test/Resources/iphone/alloy/styles/project-complete.js => /Users/stefanforsberg/Documents/Appcelerator_Studio_Workspace/Test/build/iphone/build/Products/Debug-iphonesimulator/Test.app/alloy/styles/project-complete.js
[DEBUG]  Overwriting /Users/stefanforsberg/Documents/Appcelerator_Studio_Workspace/Test/Resources/iphone/alloy/styles/project-hotlist.js => /Users/stefanforsberg/Documents/Appcelerator_Studio_Workspace/Test/build/iphone/build/Products/Debug-iphonesimulator/Test.app/alloy/styles/project-hotlist.js
[DEBUG]  Overwriting /Users/stefanforsberg/Documents/Appcelerator_Studio_Workspace/Test/Resources/iphone/alloy/styles/project-name-type.js => /Users/stefanforsberg/Documents/Appcelerator_Studio_Workspace/Test/build/iphone/build/Products/Debug-iphonesimulator/Test.app/alloy/styles/project-name-type.js
[DEBUG]  Overwriting /Users/stefanforsberg/Documents/Appcelerator_Studio_Workspace/Test/Resources/iphone/alloy/styles/projects.js => /Users/stefanforsberg/Documents/Appcelerator_Studio_Workspace/Test/build/iphone/build/Products/Debug-iphonesimulator/Test.app/alloy/styles/projects.js
[DEBUG]  Overwriting /Users/stefanforsberg/Documents/Appcelerator_Studio_Workspace/Test/Resources/iphone/alloy/styles/recent.js => /Users/stefanforsberg/Documents/Appcelerator_Studio_Workspace/Test/build/iphone/build/Products/Debug-iphonesimulator/Test.app/alloy/styles/recent.js
[DEBUG]  Overwriting /Users/stefanforsberg/Documents/Appcelerator_Studio_Workspace/Test/Resources/iphone/alloy/styles/reporting.js => /Users/stefanforsberg/Documents/Appcelerator_Studio_Workspace/Test/build/iphone/build/Products/Debug-iphonesimulator/Test.app/alloy/styles/reporting.js
[DEBUG]  Overwriting /Users/stefanforsberg/Documents/Appcelerator_Studio_Workspace/Test/Resources/iphone/alloy/styles/scrollView-test.js => /Users/stefanforsberg/Documents/Appcelerator_Studio_Workspace/Test/build/iphone/build/Products/Debug-iphonesimulator/Test.app/alloy/styles/scrollView-test.js
[DEBUG]  Overwriting /Users/stefanforsberg/Documents/Appcelerator_Studio_Workspace/Test/Resources/iphone/alloy/styles/start.js => /Users/stefanforsberg/Documents/Appcelerator_Studio_Workspace/Test/build/iphone/build/Products/Debug-iphonesimulator/Test.app/alloy/styles/start.js
[DEBUG]  Overwriting /Users/stefanforsberg/Documents/Appcelerator_Studio_Workspace/Test/Resources/iphone/alloy/styles/task-list.js => /Users/stefanforsberg/Documents/Appcelerator_Studio_Workspace/Test/build/iphone/build/Products/Debug-iphonesimulator/Test.app/alloy/styles/task-list.js
[DEBUG]  Overwriting /Users/stefanforsberg/Documents/Appcelerator_Studio_Workspace/Test/Resources/iphone/alloy/styles/thread.js => /Users/stefanforsberg/Documents/Appcelerator_Studio_Workspace/Test/build/iphone/build/Products/Debug-iphonesimulator/Test.app/alloy/styles/thread.js
[DEBUG]  Overwriting /Users/stefanforsberg/Documents/Appcelerator_Studio_Workspace/Test/Resources/iphone/alloy/sync/localStorage.js => /Users/stefanforsberg/Documents/Appcelerator_Studio_Workspace/Test/build/iphone/build/Products/Debug-iphonesimulator/Test.app/alloy/sync/localStorage.js
[DEBUG]  Overwriting /Users/stefanforsberg/Documents/Appcelerator_Studio_Workspace/Test/Resources/iphone/alloy/sync/properties.js => /Users/stefanforsberg/Documents/Appcelerator_Studio_Workspace/Test/build/iphone/build/Products/Debug-iphonesimulator/Test.app/alloy/sync/properties.js
[DEBUG]  Overwriting /Users/stefanforsberg/Documents/Appcelerator_Studio_Workspace/Test/Resources/iphone/alloy/sync/sql.js => /Users/stefanforsberg/Documents/Appcelerator_Studio_Workspace/Test/build/iphone/build/Products/Debug-iphonesimulator/Test.app/alloy/sync/sql.js
[DEBUG]  Overwriting /Users/stefanforsberg/Documents/Appcelerator_Studio_Workspace/Test/Resources/iphone/alloy/underscore.js => /Users/stefanforsberg/Documents/Appcelerator_Studio_Workspace/Test/build/iphone/build/Products/Debug-iphonesimulator/Test.app/alloy/underscore.js
[DEBUG]  Overwriting /Users/stefanforsberg/Documents/Appcelerator_Studio_Workspace/Test/Resources/iphone/alloy/widget.js => /Users/stefanforsberg/Documents/Appcelerator_Studio_Workspace/Test/build/iphone/build/Products/Debug-iphonesimulator/Test.app/alloy/widget.js
[DEBUG]  Overwriting /Users/stefanforsberg/Documents/Appcelerator_Studio_Workspace/Test/Resources/iphone/alloy.js => /Users/stefanforsberg/Documents/Appcelerator_Studio_Workspace/Test/build/iphone/build/Products/Debug-iphonesimulator/Test.app/alloy.js
[DEBUG]  Overwriting /Users/stefanforsberg/Library/Application Support/Titanium/modules/commonjs/ti.cloud/3.2.11/ti.cloud.js => /Users/stefanforsberg/Documents/Appcelerator_Studio_Workspace/Test/build/iphone/build/Products/Debug-iphonesimulator/Test.app/ti.cloud/ti.cloud.js
[INFO]   Writing app properties
[TRACE]  No change, skipping /Users/stefanforsberg/Documents/Appcelerator_Studio_Workspace/Test/build/iphone/build/Products/Debug-iphonesimulator/Test.app/_app_props_.json
[DEBUG]  Using default application routing
[TRACE]  No change, skipping /Users/stefanforsberg/Documents/Appcelerator_Studio_Workspace/Test/build/iphone/Classes/ApplicationRouting.m
[INFO]   Writing i18n files
[DEBUG]  Compiling localization files
[DEBUG]  No i18n files to process
[INFO]   Processing Titanium symbols
[DEBUG]  Processing Titanium namespace resources
[TRACE]  No change, skipping /Users/stefanforsberg/Documents/Appcelerator_Studio_Workspace/Test/build/iphone/build/Products/Debug-iphonesimulator/Test.app/modules/ui/images/badge.png
[TRACE]  No change, skipping /Users/stefanforsberg/Documents/Appcelerator_Studio_Workspace/Test/build/iphone/build/Products/Debug-iphonesimulator/Test.app/modules/ui/images/closeButton.png
[TRACE]  No change, skipping /Users/stefanforsberg/Documents/Appcelerator_Studio_Workspace/Test/build/iphone/build/Products/Debug-iphonesimulator/Test.app/modules/ui/images/photoDefault.png
[TRACE]  No change, skipping /Users/stefanforsberg/Documents/Appcelerator_Studio_Workspace/Test/build/iphone/Classes/defines.h
[INFO]   Removing files
[DEBUG]  Removing empty directories
[INFO]   Skipping xcodebuild
[INFO]   Finished building the application in 3s 958ms
[INFO]   Launching iOS Simulator
[TRACE]  [ioslib] Selected iOS Simulator: iPad Pro (9.7 inch)
[TRACE]  [ioslib]   UDID    = 70849682-AE21-4074-A828-0CDDF0EA6C46
[TRACE]  [ioslib]   iOS     = 10.2
[TRACE]  [ioslib] Autoselected Xcode: 8.2.1
[TRACE]  [ioslib] Checking if simulator /Applications/Xcode.app/Contents/Developer/Applications/Simulator.app/Contents/MacOS/Simulator is already running
[TRACE]  [ioslib] Simulator is running (pid 24649)
[TRACE]  [ioslib] iPad Pro (9.7 inch) Simulator is running, but not the udid we want, stopping simulator
[TRACE]  [ioslib] Tailing iPad Pro (9.7 inch) Simulator system log: /Users/stefanforsberg/Library/Logs/CoreSimulator/70849682-AE21-4074-A828-0CDDF0EA6C46/system.log
[TRACE]  [ioslib] Running: /Applications/Xcode.app/Contents/Developer/Applications/Simulator.app/Contents/MacOS/Simulator -CurrentDeviceUDID 70849682-AE21-4074-A828-0CDDF0EA6C46
[TRACE]  [ioslib] Simulator is booted
[TRACE]  [ioslib] iPad Pro (9.7 inch) Simulator started
[TRACE]  [ioslib] Running: osascript "/Users/stefanforsberg/Library/Application Support/Titanium/mobilesdk/osx/6.0.1.GA/node_modules/ioslib/lib/sim_focus.scpt" "Simulator"
[TRACE]  [ioslib] iPad Pro (9.7 inch) Simulator successfully focused
[TRACE]  [ioslib] Installing the app
[TRACE]  [ioslib] App launched
[TRACE]  [ioslib] Trying to connect to log server port 56640...